# JRE version: Java(TM) SE Runtime Environment (8.0_121-b13) (build 1.8.0_121-b13)
# Java VM: Java HotSpot(TM) 64-Bit Server VM (25.121-b13 mixed mode windows-amd64 compressed oops)
Heap:
 PSYoungGen      total 307200K, used 39916K [0x00000000e0000000, 0x00000000f4400000, 0x0000000100000000)
  eden space 290816K, 13% used [0x00000000e0000000,0x00000000e26fb000,0x00000000f1c00000)
  from space 16384K, 0% used [0x00000000f3400000,0x00000000f3400000,0x00000000f4400000)
  to   space 20480K, 0% used [0x00000000f1c00000,0x00000000f1c00000,0x00000000f3000000)
 ParOldGen       total 126976K, used 58063K [0x00000000a0000000, 0x00000000a7c00000, 0x00000000e0000000)
  object space 126976K, 45% used [0x00000000a0000000,0x00000000a38b3d98,0x00000000a7c00000)
 Metaspace       used 100097K, capacity 102312K, committed 102680K, reserved 1138688K
  class space    used 13032K, capacity 13525K, committed 13616K, reserved 1048576K
GC Heap History (10 events):
Event: 67.640 GC heap before
{Heap before GC invocations=20 (full 3):
 PSYoungGen      total 210432K, used 208219K [0x00000000e0000000, 0x00000000eed00000, 0x0000000100000000)
  eden space 194560K, 98% used [0x00000000e0000000,0x00000000ebbd9000,0x00000000ebe00000)
  from space 15872K, 99% used [0x00000000ed380000,0x00000000ee2fdec0,0x00000000ee300000)
  to   space 22016K, 0% used [0x00000000ebe00000,0x00000000ebe00000,0x00000000ed380000)
 ParOldGen       total 126976K, used 52759K [0x00000000a0000000, 0x00000000a7c00000, 0x00000000e0000000)
  object space 126976K, 41% used [0x00000000a0000000,0x00000000a3385c70,0x00000000a7c00000)
 Metaspace       used 91012K, capacity 93096K, committed 93464K, reserved 1130496K
  class space    used 12096K, capacity 12583K, committed 12592K, reserved 1048576K
Event: 67.665 GC heap after
Heap after GC invocations=20 (full 3):
 PSYoungGen      total 216576K, used 6853K [0x00000000e0000000, 0x00000000f0980000, 0x0000000100000000)
  eden space 194560K, 0% used [0x00000000e0000000,0x00000000e0000000,0x00000000ebe00000)
  from space 22016K, 31% used [0x00000000ebe00000,0x00000000ec4b1598,0x00000000ed380000)
  to   space 20992K, 0% used [0x00000000ef500000,0x00000000ef500000,0x00000000f0980000)
 ParOldGen       total 126976K, used 60811K [0x00000000a0000000, 0x00000000a7c00000, 0x00000000e0000000)
  object space 126976K, 47% used [0x00000000a0000000,0x00000000a3b62e08,0x00000000a7c00000)
 Metaspace       used 91012K, capacity 93096K, committed 93464K, reserved 1130496K
  class space    used 12096K, capacity 12583K, committed 12592K, reserved 1048576K
}
Event: 67.790 GC heap before
{Heap before GC invocations=21 (full 3):
 PSYoungGen      total 216576K, used 185765K [0x00000000e0000000, 0x00000000f0980000, 0x0000000100000000)
  eden space 194560K, 91% used [0x00000000e0000000,0x00000000eaeb7f68,0x00000000ebe00000)
  from space 22016K, 31% used [0x00000000ebe00000,0x00000000ec4b1598,0x00000000ed380000)
  to   space 20992K, 0% used [0x00000000ef500000,0x00000000ef500000,0x00000000f0980000)
 ParOldGen       total 126976K, used 60811K [0x00000000a0000000, 0x00000000a7c00000, 0x00000000e0000000)
  object space 126976K, 47% used [0x00000000a0000000,0x00000000a3b62e08,0x00000000a7c00000)
 Metaspace       used 91822K, capacity 93886K, committed 94104K, reserved 1130496K
  class space    used 12209K, capacity 12696K, committed 12720K, reserved 1048576K
Event: 67.808 GC heap after
Heap after GC invocations=21 (full 3):
 PSYoungGen      total 250368K, used 13376K [0x00000000e0000000, 0x00000000f1f00000, 0x0000000100000000)
  eden space 229376K, 0% used [0x00000000e0000000,0x00000000e0000000,0x00000000ee000000)
  from space 20992K, 63% used [0x00000000ef500000,0x00000000f0210348,0x00000000f0980000)
  to   space 21504K, 0% used [0x00000000ee000000,0x00000000ee000000,0x00000000ef500000)
 ParOldGen       total 126976K, used 60819K [0x00000000a0000000, 0x00000000a7c00000, 0x00000000e0000000)
  object space 126976K, 47% used [0x00000000a0000000,0x00000000a3b64e08,0x00000000a7c00000)
 Metaspace       used 91822K, capacity 93886K, committed 94104K, reserved 1130496K
  class space    used 12209K, capacity 12696K, committed 12720K, reserved 1048576K
}
Event: 68.366 GC heap before
{Heap before GC invocations=22 (full 3):
 PSYoungGen      total 250368K, used 238585K [0x00000000e0000000, 0x00000000f1f00000, 0x0000000100000000)
  eden space 229376K, 98% used [0x00000000e0000000,0x00000000edbee338,0x00000000ee000000)
  from space 20992K, 63% used [0x00000000ef500000,0x00000000f0210348,0x00000000f0980000)
  to   space 21504K, 0% used [0x00000000ee000000,0x00000000ee000000,0x00000000ef500000)
 ParOldGen       total 126976K, used 60819K [0x00000000a0000000, 0x00000000a7c00000, 0x00000000e0000000)
  object space 126976K, 47% used [0x00000000a0000000,0x00000000a3b64e08,0x00000000a7c00000)
 Metaspace       used 93597K, capacity 95756K, committed 96152K, reserved 1132544K
  class space    used 12414K, capacity 12915K, committed 12976K, reserved 1048576K
Event: 68.379 GC heap after
Heap after GC invocations=22 (full 3):
 PSYoungGen      total 250880K, used 2771K [0x00000000e0000000, 0x00000000f4900000, 0x0000000100000000)
  eden space 229376K, 0% used [0x00000000e0000000,0x00000000e0000000,0x00000000ee000000)
  from space 21504K, 12% used [0x00000000ee000000,0x00000000ee2b4d98,0x00000000ef500000)
  to   space 21504K, 0% used [0x00000000f3400000,0x00000000f3400000,0x00000000f4900000)
 ParOldGen       total 126976K, used 63255K [0x00000000a0000000, 0x00000000a7c00000, 0x00000000e0000000)
  object space 126976K, 49% used [0x00000000a0000000,0x00000000a3dc5c68,0x00000000a7c00000)
 Metaspace       used 93597K, capacity 95756K, committed 96152K, reserved 1132544K
  class space    used 12414K, capacity 12915K, committed 12976K, reserved 1048576K
}
Event: 69.200 GC heap before
{Heap before GC invocations=23 (full 3):
 PSYoungGen      total 250880K, used 85557K [0x00000000e0000000, 0x00000000f4900000, 0x0000000100000000)
  eden space 229376K, 36% used [0x00000000e0000000,0x00000000e50d8a48,0x00000000ee000000)
  from space 21504K, 12% used [0x00000000ee000000,0x00000000ee2b4d98,0x00000000ef500000)
  to   space 21504K, 0% used [0x00000000f3400000,0x00000000f3400000,0x00000000f4900000)
 ParOldGen       total 126976K, used 63255K [0x00000000a0000000, 0x00000000a7c00000, 0x00000000e0000000)
  object space 126976K, 49% used [0x00000000a0000000,0x00000000a3dc5c68,0x00000000a7c00000)
 Metaspace       used 96226K, capacity 98426K, committed 98600K, reserved 1134592K
  class space    used 12660K, capacity 13178K, committed 13232K, reserved 1048576K
Event: 69.212 GC heap after
Heap after GC invocations=23 (full 3):
 PSYoungGen      total 307200K, used 6684K [0x00000000e0000000, 0x00000000f4400000, 0x0000000100000000)
  eden space 290816K, 0% used [0x00000000e0000000,0x00000000e0000000,0x00000000f1c00000)
  from space 16384K, 40% used [0x00000000f3400000,0x00000000f3a87340,0x00000000f4400000)
  to   space 20480K, 0% used [0x00000000f1c00000,0x00000000f1c00000,0x00000000f3000000)
 ParOldGen       total 126976K, used 64609K [0x00000000a0000000, 0x00000000a7c00000, 0x00000000e0000000)
  object space 126976K, 50% used [0x00000000a0000000,0x00000000a3f18558,0x00000000a7c00000)
 Metaspace       used 96226K, capacity 98426K, committed 98600K, reserved 1134592K
  class space    used 12660K, capacity 13178K, committed 13232K, reserved 1048576K
}
Event: 69.212 GC heap before
{Heap before GC invocations=24 (full 4):
 PSYoungGen      total 307200K, used 6684K [0x00000000e0000000, 0x00000000f4400000, 0x0000000100000000)
  eden space 290816K, 0% used [0x00000000e0000000,0x00000000e0000000,0x00000000f1c00000)
  from space 16384K, 40% used [0x00000000f3400000,0x00000000f3a87340,0x00000000f4400000)
  to   space 20480K, 0% used [0x00000000f1c00000,0x00000000f1c00000,0x00000000f3000000)
 ParOldGen       total 126976K, used 64609K [0x00000000a0000000, 0x00000000a7c00000, 0x00000000e0000000)
  object space 126976K, 50% used [0x00000000a0000000,0x00000000a3f18558,0x00000000a7c00000)
 Metaspace       used 96226K, capacity 98426K, committed 98600K, reserved 1134592K
  class space    used 12660K, capacity 13178K, committed 13232K, reserved 1048576K
Event: 69.490 GC heap after
Heap after GC invocations=24 (full 4):
 PSYoungGen      total 307200K, used 0K [0x00000000e0000000, 0x00000000f4400000, 0x0000000100000000)
  eden space 290816K, 0% used [0x00000000e0000000,0x00000000e0000000,0x00000000f1c00000)
  from space 16384K, 0% used [0x00000000f3400000,0x00000000f3400000,0x00000000f4400000)
  to   space 20480K, 0% used [0x00000000f1c00000,0x00000000f1c00000,0x00000000f3000000)
 ParOldGen       total 126976K, used 58063K [0x00000000a0000000, 0x00000000a7c00000, 0x00000000e0000000)
  object space 126976K, 45% used [0x00000000a0000000,0x00000000a38b3d98,0x00000000a7c00000)
 Metaspace       used 96225K, capacity 98424K, committed 98600K, reserved 1134592K
  class space    used 12660K, capacity 13177K, committed 13232K, reserved 1048576K
}

